[2025-06-19T12:20:46.513000+02:00] installer.INFO: Matched route "{route}". {"route":"installer_home","route_parameters":{"_controller":"OrangeHRM\\Installer\\Controller\\HomeController::handle","_route":"installer_home"},"request_uri":"http://localhost/orangehrm/installer/index.php/","method":"GET"} []
[2025-06-19T12:20:47.196072+02:00] installer.INFO: Matched route "{route}". {"route":"installer_welcome","route_parameters":{"_controller":"OrangeHRM\\Installer\\Controller\\WelcomeController::handle","_route":"installer_welcome"},"request_uri":"http://localhost/orangehrm/installer/index.php/welcome","method":"GET"} []
[2025-06-19T12:21:16.459404+02:00] installer.INFO: Matched route "{route}". {"route":"installer_licence_acceptance","route_parameters":{"_controller":"OrangeHRM\\Installer\\Controller\\Installer\\LicenceAcceptanceController::handle","_route":"installer_licence_acceptance"},"request_uri":"http://localhost/orangehrm/installer/index.php/installer/licence-acceptance","method":"GET"} []
[2025-06-19T12:22:25.003644+02:00] installer.INFO: Matched route "{route}". {"route":"installer_database_config","route_parameters":{"_controller":"OrangeHRM\\Installer\\Controller\\Installer\\DatabaseConfigController::handle","_route":"installer_database_config"},"request_uri":"http://localhost/orangehrm/installer/index.php/installer/database-config","method":"GET"} []
[2025-06-19T12:22:25.335263+02:00] installer.INFO: Matched route "{route}". {"route":"api_installer_database_config","route_parameters":{"_controller":"OrangeHRM\\Installer\\Controller\\Installer\\Api\\DatabaseConfigAPI::handle","_route":"api_installer_database_config"},"request_uri":"http://localhost/orangehrm/installer/index.php/installer/api/database-config","method":"GET"} []
[2025-06-19T12:26:35.605838+02:00] installer.INFO: Matched route "{route}". {"route":"api_installer_database_config","route_parameters":{"_controller":"OrangeHRM\\Installer\\Controller\\Installer\\Api\\DatabaseConfigAPI::handle","_route":"api_installer_database_config"},"request_uri":"http://localhost/orangehrm/installer/index.php/installer/api/database-config","method":"POST"} []
[2025-06-19T12:27:10.387866+02:00] installer.INFO: Matched route "{route}". {"route":"api_installer_database_config","route_parameters":{"_controller":"OrangeHRM\\Installer\\Controller\\Installer\\Api\\DatabaseConfigAPI::handle","_route":"api_installer_database_config"},"request_uri":"http://localhost/orangehrm/installer/index.php/installer/api/database-config","method":"POST"} []
[2025-06-19T12:27:10.623569+02:00] installer.INFO: Matched route "{route}". {"route":"installer_system_check","route_parameters":{"_controller":"OrangeHRM\\Installer\\Controller\\Installer\\SystemCheckController::handle","_route":"installer_system_check"},"request_uri":"http://localhost/orangehrm/installer/index.php/installer/system-check","method":"GET"} []
[2025-06-19T12:27:10.996752+02:00] installer.INFO: Matched route "{route}". {"route":"api_installer_system_check","route_parameters":{"_controller":"OrangeHRM\\Installer\\Controller\\Installer\\Api\\SystemCheckAPI::handle","_route":"api_installer_system_check"},"request_uri":"http://localhost/orangehrm/installer/index.php/installer/api/system-check","method":"GET"} []
[2025-06-19T12:27:44.829096+02:00] installer.INFO: Matched route "{route}". {"route":"installer_instance_creation","route_parameters":{"_controller":"OrangeHRM\\Installer\\Controller\\Installer\\InstanceCreationController::handle","_route":"installer_instance_creation"},"request_uri":"http://localhost/orangehrm/installer/index.php/installer/instance-creation","method":"GET"} []
[2025-06-19T12:27:45.132753+02:00] installer.INFO: Matched route "{route}". {"route":"api_installer_countries","route_parameters":{"_controller":"OrangeHRM\\Installer\\Controller\\Installer\\Api\\CountryAPI::handle","_route":"api_installer_countries"},"request_uri":"http://localhost/orangehrm/installer/index.php/installer/api/countries","method":"GET"} []
[2025-06-19T12:27:45.344525+02:00] installer.INFO: Matched route "{route}". {"route":"api_installer_languages","route_parameters":{"_controller":"OrangeHRM\\Installer\\Controller\\Installer\\Api\\LanguageAPI::handle","_route":"api_installer_languages"},"request_uri":"http://localhost/orangehrm/installer/index.php/installer/api/languages","method":"GET"} []
[2025-06-19T12:27:45.554803+02:00] installer.INFO: Matched route "{route}". {"route":"api_installer_timezones","route_parameters":{"_controller":"OrangeHRM\\Installer\\Controller\\Installer\\Api\\TimezoneAPI::handle","_route":"api_installer_timezones"},"request_uri":"http://localhost/orangehrm/installer/index.php/installer/api/timezones","method":"GET"} []
[2025-06-19T12:27:45.789896+02:00] installer.INFO: Matched route "{route}". {"route":"api_installer_instance","route_parameters":{"_controller":"OrangeHRM\\Installer\\Controller\\Installer\\Api\\InstanceAPI::handle","_route":"api_installer_instance"},"request_uri":"http://localhost/orangehrm/installer/index.php/installer/api/instance","method":"GET"} []
[2025-06-19T12:29:40.729345+02:00] installer.INFO: Matched route "{route}". {"route":"api_installer_instance","route_parameters":{"_controller":"OrangeHRM\\Installer\\Controller\\Installer\\Api\\InstanceAPI::handle","_route":"api_installer_instance"},"request_uri":"http://localhost/orangehrm/installer/index.php/installer/api/instance","method":"POST"} []
[2025-06-19T12:29:40.915187+02:00] installer.INFO: Matched route "{route}". {"route":"installer_admin_user_creation","route_parameters":{"_controller":"OrangeHRM\\Installer\\Controller\\Installer\\AdminUserCreationController::handle","_route":"installer_admin_user_creation"},"request_uri":"http://localhost/orangehrm/installer/index.php/installer/admin-user-creation","method":"GET"} []
[2025-06-19T12:29:41.240806+02:00] installer.INFO: Matched route "{route}". {"route":"api_installer_admin_user","route_parameters":{"_controller":"OrangeHRM\\Installer\\Controller\\Installer\\Api\\AdminUserAPI::handle","_route":"api_installer_admin_user"},"request_uri":"http://localhost/orangehrm/installer/index.php/installer/api/admin-user","method":"GET"} []
[2025-06-19T12:31:41.841309+02:00] installer.INFO: Matched route "{route}". {"route":"api_installer_admin_user","route_parameters":{"_controller":"OrangeHRM\\Installer\\Controller\\Installer\\Api\\AdminUserAPI::handle","_route":"api_installer_admin_user"},"request_uri":"http://localhost/orangehrm/installer/index.php/installer/api/admin-user","method":"POST"} []
[2025-06-19T12:31:42.008496+02:00] installer.INFO: Matched route "{route}". {"route":"installer_confirmation","route_parameters":{"_controller":"OrangeHRM\\Installer\\Controller\\Installer\\ConfirmationController::handle","_route":"installer_confirmation"},"request_uri":"http://localhost/orangehrm/installer/index.php/installer/confirmation","method":"GET"} []
[2025-06-19T12:31:42.408956+02:00] installer.INFO: Matched route "{route}". {"route":"api_installer_database_config","route_parameters":{"_controller":"OrangeHRM\\Installer\\Controller\\Installer\\Api\\DatabaseConfigAPI::handle","_route":"api_installer_database_config"},"request_uri":"http://localhost/orangehrm/installer/index.php/installer/api/database-config","method":"GET"} []
[2025-06-19T12:31:42.737472+02:00] installer.INFO: Matched route "{route}". {"route":"api_installer_admin_user","route_parameters":{"_controller":"OrangeHRM\\Installer\\Controller\\Installer\\Api\\AdminUserAPI::handle","_route":"api_installer_admin_user"},"request_uri":"http://localhost/orangehrm/installer/index.php/installer/api/admin-user","method":"GET"} []
[2025-06-19T12:31:57.194282+02:00] installer.INFO: Matched route "{route}". {"route":"installer_process","route_parameters":{"_controller":"OrangeHRM\\Installer\\Controller\\Installer\\InstallerController::handle","_route":"installer_process"},"request_uri":"http://localhost/orangehrm/installer/index.php/installer/process","method":"GET"} []
[2025-06-19T12:31:57.512330+02:00] installer.INFO: Matched route "{route}". {"route":"api_installer_database","route_parameters":{"_controller":"OrangeHRM\\Installer\\Controller\\Installer\\Api\\InstallationDatabaseAPI::handle","_route":"api_installer_database"},"request_uri":"http://localhost/orangehrm/installer/index.php/installer/api/installation/database","method":"POST"} []
[2025-06-19T12:31:57.636300+02:00] installer.ERROR: Failed to remove file "C:\Users\hp\AppData\Local\Temp\_temp.txt": unlink(C:\Users\hp\AppData\Local\Temp\_temp.txt): Permission denied [] []
[2025-06-19T12:31:57.638651+02:00] installer.ERROR: #0 C:\xampp\htdocs\orangehrm\src\vendor\symfony\filesystem\Filesystem.php(159): Symfony\Component\Filesystem\Filesystem::doRemove(Array, false) #1 C:\xampp\htdocs\orangehrm\installer\Util\SystemCheck.php(603): Symfony\Component\Filesystem\Filesystem->remove(Array) #2 C:\xampp\htdocs\orangehrm\installer\Framework\HttpKernel.php(190): OrangeHRM\Installer\Util\SystemCheck->checkWritePermission('C:\\Users\\hp\\App...') #3 C:\xampp\htdocs\orangehrm\installer\Framework\HttpKernel.php(241): OrangeHRM\Installer\Framework\HttpKernel->configureSession(Object(OrangeHRM\Framework\Http\Request)) #4 C:\xampp\htdocs\orangehrm\installer\index.php(65): OrangeHRM\Installer\Framework\HttpKernel->handleRequest(Object(OrangeHRM\Framework\Http\Request)) #5 {main} [] []
[2025-06-19T12:31:57.802105+02:00] installer.INFO: Matched route "{route}". {"route":"api_installer_pre_migration_check","route_parameters":{"_controller":"OrangeHRM\\Installer\\Controller\\Installer\\Api\\PreMigrationCheck::handle","_route":"api_installer_pre_migration_check"},"request_uri":"http://localhost/orangehrm/installer/index.php/installer/api/installation/pre-migration","method":"POST"} []
[2025-06-19T12:31:58.005833+02:00] installer.INFO: Instance details: {"os":{"os":"Windows NT","release_name":"10.0","version_info":"build 22631 (Windows 11)"},"php":{"version":"8.2.12"},"mysql":{"client_version":"mysqlnd 8.2.12","server_version":"10.4.32-MariaDB","conn_type":"localhost via TCP\/IP"},"server":"Apache\/2.4.58 (Win64) OpenSSL\/3.1.3 PHP\/8.2.12","ohrm":{"version":"5.7"}} [] []
[2025-06-19T12:31:59.682564+02:00] installer.INFO: Matched route "{route}". {"route":"api_installer_versions","route_parameters":{"_controller":"OrangeHRM\\Installer\\Controller\\Installer\\Api\\VersionAPI::handle","_route":"api_installer_versions"},"request_uri":"http://localhost/orangehrm/installer/index.php/installer/api/versions?excludeLatest=false","method":"GET"} []
[2025-06-19T12:31:59.950057+02:00] installer.INFO: Matched route "{route}". {"route":"api_installer_migration","route_parameters":{"_controller":"OrangeHRM\\Installer\\Controller\\Installer\\Api\\MigrationAPI::handle","_route":"api_installer_migration"},"request_uri":"http://localhost/orangehrm/installer/index.php/installer/api/installation/migration","method":"POST"} []
[2025-06-19T12:32:00.084811+02:00] installer.INFO: {"version":"3.3.3"} [] []
[2025-06-19T12:32:00.304860+02:00] installer.INFO: Instance details: {"os":{"os":"Windows NT","release_name":"10.0","version_info":"build 22631 (Windows 11)"},"php":{"version":"8.2.12"},"mysql":{"client_version":"mysqlnd 8.2.12","server_version":"10.4.32-MariaDB","conn_type":"localhost via TCP\/IP"},"server":"Apache\/2.4.58 (Win64) OpenSSL\/3.1.3 PHP\/8.2.12","ohrm":{"version":"5.7"}} [] []
[2025-06-19T12:32:00.374094+02:00] installer.INFO: set_time_limit: success [] []
[2025-06-19T12:32:14.768477+02:00] installer.INFO: Matched route "{route}". {"route":"api_installer_migration","route_parameters":{"_controller":"OrangeHRM\\Installer\\Controller\\Installer\\Api\\MigrationAPI::handle","_route":"api_installer_migration"},"request_uri":"http://localhost/orangehrm/installer/index.php/installer/api/installation/migration","method":"POST"} []
[2025-06-19T12:32:14.777936+02:00] installer.INFO: {"version":"4.0"} [] []
[2025-06-19T12:32:14.888510+02:00] installer.INFO: Instance details: {"os":{"os":"Windows NT","release_name":"10.0","version_info":"build 22631 (Windows 11)"},"php":{"version":"8.2.12"},"mysql":{"client_version":"mysqlnd 8.2.12","server_version":"10.4.32-MariaDB","conn_type":"localhost via TCP\/IP"},"server":"Apache\/2.4.58 (Win64) OpenSSL\/3.1.3 PHP\/8.2.12","ohrm":{"version":"5.7"}} [] []
[2025-06-19T12:32:14.906812+02:00] installer.INFO: set_time_limit: success [] []
[2025-06-19T12:32:15.137817+02:00] installer.INFO: Matched route "{route}". {"route":"api_installer_migration","route_parameters":{"_controller":"OrangeHRM\\Installer\\Controller\\Installer\\Api\\MigrationAPI::handle","_route":"api_installer_migration"},"request_uri":"http://localhost/orangehrm/installer/index.php/installer/api/installation/migration","method":"POST"} []
[2025-06-19T12:32:15.146380+02:00] installer.INFO: {"version":"4.1"} [] []
[2025-06-19T12:32:15.253882+02:00] installer.INFO: Instance details: {"os":{"os":"Windows NT","release_name":"10.0","version_info":"build 22631 (Windows 11)"},"php":{"version":"8.2.12"},"mysql":{"client_version":"mysqlnd 8.2.12","server_version":"10.4.32-MariaDB","conn_type":"localhost via TCP\/IP"},"server":"Apache\/2.4.58 (Win64) OpenSSL\/3.1.3 PHP\/8.2.12","ohrm":{"version":"5.7"}} [] []
[2025-06-19T12:32:15.282843+02:00] installer.INFO: set_time_limit: success [] []
[2025-06-19T12:32:15.872788+02:00] installer.INFO: Matched route "{route}". {"route":"api_installer_migration","route_parameters":{"_controller":"OrangeHRM\\Installer\\Controller\\Installer\\Api\\MigrationAPI::handle","_route":"api_installer_migration"},"request_uri":"http://localhost/orangehrm/installer/index.php/installer/api/installation/migration","method":"POST"} []
[2025-06-19T12:32:15.883953+02:00] installer.INFO: {"version":"4.1.1"} [] []
[2025-06-19T12:32:16.001989+02:00] installer.INFO: Instance details: {"os":{"os":"Windows NT","release_name":"10.0","version_info":"build 22631 (Windows 11)"},"php":{"version":"8.2.12"},"mysql":{"client_version":"mysqlnd 8.2.12","server_version":"10.4.32-MariaDB","conn_type":"localhost via TCP\/IP"},"server":"Apache\/2.4.58 (Win64) OpenSSL\/3.1.3 PHP\/8.2.12","ohrm":{"version":"5.7"}} [] []
[2025-06-19T12:32:16.022720+02:00] installer.INFO: set_time_limit: success [] []
[2025-06-19T12:32:16.420100+02:00] installer.INFO: Matched route "{route}". {"route":"api_installer_migration","route_parameters":{"_controller":"OrangeHRM\\Installer\\Controller\\Installer\\Api\\MigrationAPI::handle","_route":"api_installer_migration"},"request_uri":"http://localhost/orangehrm/installer/index.php/installer/api/installation/migration","method":"POST"} []
[2025-06-19T12:32:16.427742+02:00] installer.INFO: {"version":"4.1.2"} [] []
[2025-06-19T12:32:16.530545+02:00] installer.INFO: Instance details: {"os":{"os":"Windows NT","release_name":"10.0","version_info":"build 22631 (Windows 11)"},"php":{"version":"8.2.12"},"mysql":{"client_version":"mysqlnd 8.2.12","server_version":"10.4.32-MariaDB","conn_type":"localhost via TCP\/IP"},"server":"Apache\/2.4.58 (Win64) OpenSSL\/3.1.3 PHP\/8.2.12","ohrm":{"version":"5.7"}} [] []
[2025-06-19T12:32:16.547233+02:00] installer.INFO: set_time_limit: success [] []
[2025-06-19T12:32:16.701825+02:00] installer.INFO: Matched route "{route}". {"route":"api_installer_migration","route_parameters":{"_controller":"OrangeHRM\\Installer\\Controller\\Installer\\Api\\MigrationAPI::handle","_route":"api_installer_migration"},"request_uri":"http://localhost/orangehrm/installer/index.php/installer/api/installation/migration","method":"POST"} []
[2025-06-19T12:32:16.708548+02:00] installer.INFO: {"version":"4.1.2.1"} [] []
[2025-06-19T12:32:16.808156+02:00] installer.INFO: Instance details: {"os":{"os":"Windows NT","release_name":"10.0","version_info":"build 22631 (Windows 11)"},"php":{"version":"8.2.12"},"mysql":{"client_version":"mysqlnd 8.2.12","server_version":"10.4.32-MariaDB","conn_type":"localhost via TCP\/IP"},"server":"Apache\/2.4.58 (Win64) OpenSSL\/3.1.3 PHP\/8.2.12","ohrm":{"version":"5.7"}} [] []
[2025-06-19T12:32:16.830049+02:00] installer.INFO: set_time_limit: success [] []
[2025-06-19T12:32:17.025482+02:00] installer.INFO: Matched route "{route}". {"route":"api_installer_migration","route_parameters":{"_controller":"OrangeHRM\\Installer\\Controller\\Installer\\Api\\MigrationAPI::handle","_route":"api_installer_migration"},"request_uri":"http://localhost/orangehrm/installer/index.php/installer/api/installation/migration","method":"POST"} []
[2025-06-19T12:32:17.034887+02:00] installer.INFO: {"version":"4.2"} [] []
[2025-06-19T12:32:17.126164+02:00] installer.INFO: Instance details: {"os":{"os":"Windows NT","release_name":"10.0","version_info":"build 22631 (Windows 11)"},"php":{"version":"8.2.12"},"mysql":{"client_version":"mysqlnd 8.2.12","server_version":"10.4.32-MariaDB","conn_type":"localhost via TCP\/IP"},"server":"Apache\/2.4.58 (Win64) OpenSSL\/3.1.3 PHP\/8.2.12","ohrm":{"version":"5.7"}} [] []
[2025-06-19T12:32:17.144629+02:00] installer.INFO: set_time_limit: success [] []
[2025-06-19T12:32:17.589162+02:00] installer.INFO: Matched route "{route}". {"route":"api_installer_migration","route_parameters":{"_controller":"OrangeHRM\\Installer\\Controller\\Installer\\Api\\MigrationAPI::handle","_route":"api_installer_migration"},"request_uri":"http://localhost/orangehrm/installer/index.php/installer/api/installation/migration","method":"POST"} []
[2025-06-19T12:32:17.600503+02:00] installer.INFO: {"version":"4.2.0.1"} [] []
[2025-06-19T12:32:17.703159+02:00] installer.INFO: Instance details: {"os":{"os":"Windows NT","release_name":"10.0","version_info":"build 22631 (Windows 11)"},"php":{"version":"8.2.12"},"mysql":{"client_version":"mysqlnd 8.2.12","server_version":"10.4.32-MariaDB","conn_type":"localhost via TCP\/IP"},"server":"Apache\/2.4.58 (Win64) OpenSSL\/3.1.3 PHP\/8.2.12","ohrm":{"version":"5.7"}} [] []
[2025-06-19T12:32:17.729002+02:00] installer.INFO: set_time_limit: success [] []
[2025-06-19T12:32:17.872767+02:00] installer.INFO: Matched route "{route}". {"route":"api_installer_migration","route_parameters":{"_controller":"OrangeHRM\\Installer\\Controller\\Installer\\Api\\MigrationAPI::handle","_route":"api_installer_migration"},"request_uri":"http://localhost/orangehrm/installer/index.php/installer/api/installation/migration","method":"POST"} []
[2025-06-19T12:32:17.881630+02:00] installer.INFO: {"version":"4.3"} [] []
[2025-06-19T12:32:17.976447+02:00] installer.INFO: Instance details: {"os":{"os":"Windows NT","release_name":"10.0","version_info":"build 22631 (Windows 11)"},"php":{"version":"8.2.12"},"mysql":{"client_version":"mysqlnd 8.2.12","server_version":"10.4.32-MariaDB","conn_type":"localhost via TCP\/IP"},"server":"Apache\/2.4.58 (Win64) OpenSSL\/3.1.3 PHP\/8.2.12","ohrm":{"version":"5.7"}} [] []
[2025-06-19T12:32:17.989998+02:00] installer.INFO: set_time_limit: success [] []
[2025-06-19T12:32:18.254010+02:00] installer.INFO: Matched route "{route}". {"route":"api_installer_migration","route_parameters":{"_controller":"OrangeHRM\\Installer\\Controller\\Installer\\Api\\MigrationAPI::handle","_route":"api_installer_migration"},"request_uri":"http://localhost/orangehrm/installer/index.php/installer/api/installation/migration","method":"POST"} []
[2025-06-19T12:32:18.264124+02:00] installer.INFO: {"version":"4.3.1"} [] []
[2025-06-19T12:32:18.406589+02:00] installer.INFO: Instance details: {"os":{"os":"Windows NT","release_name":"10.0","version_info":"build 22631 (Windows 11)"},"php":{"version":"8.2.12"},"mysql":{"client_version":"mysqlnd 8.2.12","server_version":"10.4.32-MariaDB","conn_type":"localhost via TCP\/IP"},"server":"Apache\/2.4.58 (Win64) OpenSSL\/3.1.3 PHP\/8.2.12","ohrm":{"version":"5.7"}} [] []
[2025-06-19T12:32:18.427134+02:00] installer.INFO: set_time_limit: success [] []
[2025-06-19T12:32:18.660050+02:00] installer.INFO: Matched route "{route}". {"route":"api_installer_migration","route_parameters":{"_controller":"OrangeHRM\\Installer\\Controller\\Installer\\Api\\MigrationAPI::handle","_route":"api_installer_migration"},"request_uri":"http://localhost/orangehrm/installer/index.php/installer/api/installation/migration","method":"POST"} []
[2025-06-19T12:32:18.671326+02:00] installer.INFO: {"version":"4.3.2"} [] []
[2025-06-19T12:32:18.785014+02:00] installer.INFO: Instance details: {"os":{"os":"Windows NT","release_name":"10.0","version_info":"build 22631 (Windows 11)"},"php":{"version":"8.2.12"},"mysql":{"client_version":"mysqlnd 8.2.12","server_version":"10.4.32-MariaDB","conn_type":"localhost via TCP\/IP"},"server":"Apache\/2.4.58 (Win64) OpenSSL\/3.1.3 PHP\/8.2.12","ohrm":{"version":"5.7"}} [] []
[2025-06-19T12:32:18.803484+02:00] installer.INFO: set_time_limit: success [] []
[2025-06-19T12:32:19.053921+02:00] installer.INFO: Matched route "{route}". {"route":"api_installer_migration","route_parameters":{"_controller":"OrangeHRM\\Installer\\Controller\\Installer\\Api\\MigrationAPI::handle","_route":"api_installer_migration"},"request_uri":"http://localhost/orangehrm/installer/index.php/installer/api/installation/migration","method":"POST"} []
[2025-06-19T12:32:19.067659+02:00] installer.INFO: {"version":"4.3.3"} [] []
[2025-06-19T12:32:19.176445+02:00] installer.INFO: Instance details: {"os":{"os":"Windows NT","release_name":"10.0","version_info":"build 22631 (Windows 11)"},"php":{"version":"8.2.12"},"mysql":{"client_version":"mysqlnd 8.2.12","server_version":"10.4.32-MariaDB","conn_type":"localhost via TCP\/IP"},"server":"Apache\/2.4.58 (Win64) OpenSSL\/3.1.3 PHP\/8.2.12","ohrm":{"version":"5.7"}} [] []
[2025-06-19T12:32:19.194322+02:00] installer.INFO: set_time_limit: success [] []
[2025-06-19T12:32:25.351889+02:00] installer.INFO: Matched route "{route}". {"route":"api_installer_migration","route_parameters":{"_controller":"OrangeHRM\\Installer\\Controller\\Installer\\Api\\MigrationAPI::handle","_route":"api_installer_migration"},"request_uri":"http://localhost/orangehrm/installer/index.php/installer/api/installation/migration","method":"POST"} []
[2025-06-19T12:32:25.359373+02:00] installer.INFO: {"version":"4.3.4"} [] []
[2025-06-19T12:32:25.486023+02:00] installer.INFO: Instance details: {"os":{"os":"Windows NT","release_name":"10.0","version_info":"build 22631 (Windows 11)"},"php":{"version":"8.2.12"},"mysql":{"client_version":"mysqlnd 8.2.12","server_version":"10.4.32-MariaDB","conn_type":"localhost via TCP\/IP"},"server":"Apache\/2.4.58 (Win64) OpenSSL\/3.1.3 PHP\/8.2.12","ohrm":{"version":"5.7"}} [] []
[2025-06-19T12:32:25.501776+02:00] installer.INFO: set_time_limit: success [] []
[2025-06-19T12:32:25.733086+02:00] installer.INFO: Matched route "{route}". {"route":"api_installer_migration","route_parameters":{"_controller":"OrangeHRM\\Installer\\Controller\\Installer\\Api\\MigrationAPI::handle","_route":"api_installer_migration"},"request_uri":"http://localhost/orangehrm/installer/index.php/installer/api/installation/migration","method":"POST"} []
[2025-06-19T12:32:25.744184+02:00] installer.INFO: {"version":"4.3.5"} [] []
[2025-06-19T12:32:25.841834+02:00] installer.INFO: Instance details: {"os":{"os":"Windows NT","release_name":"10.0","version_info":"build 22631 (Windows 11)"},"php":{"version":"8.2.12"},"mysql":{"client_version":"mysqlnd 8.2.12","server_version":"10.4.32-MariaDB","conn_type":"localhost via TCP\/IP"},"server":"Apache\/2.4.58 (Win64) OpenSSL\/3.1.3 PHP\/8.2.12","ohrm":{"version":"5.7"}} [] []
[2025-06-19T12:32:25.857275+02:00] installer.INFO: set_time_limit: success [] []
[2025-06-19T12:32:26.047576+02:00] installer.INFO: Matched route "{route}". {"route":"api_installer_migration","route_parameters":{"_controller":"OrangeHRM\\Installer\\Controller\\Installer\\Api\\MigrationAPI::handle","_route":"api_installer_migration"},"request_uri":"http://localhost/orangehrm/installer/index.php/installer/api/installation/migration","method":"POST"} []
[2025-06-19T12:32:26.061157+02:00] installer.INFO: {"version":"4.4"} [] []
[2025-06-19T12:32:26.183004+02:00] installer.INFO: Instance details: {"os":{"os":"Windows NT","release_name":"10.0","version_info":"build 22631 (Windows 11)"},"php":{"version":"8.2.12"},"mysql":{"client_version":"mysqlnd 8.2.12","server_version":"10.4.32-MariaDB","conn_type":"localhost via TCP\/IP"},"server":"Apache\/2.4.58 (Win64) OpenSSL\/3.1.3 PHP\/8.2.12","ohrm":{"version":"5.7"}} [] []
[2025-06-19T12:32:26.198262+02:00] installer.INFO: set_time_limit: success [] []
[2025-06-19T12:32:27.823906+02:00] installer.INFO: Matched route "{route}". {"route":"api_installer_migration","route_parameters":{"_controller":"OrangeHRM\\Installer\\Controller\\Installer\\Api\\MigrationAPI::handle","_route":"api_installer_migration"},"request_uri":"http://localhost/orangehrm/installer/index.php/installer/api/installation/migration","method":"POST"} []
[2025-06-19T12:32:27.831997+02:00] installer.INFO: {"version":"4.5"} [] []
[2025-06-19T12:32:27.941678+02:00] installer.INFO: Instance details: {"os":{"os":"Windows NT","release_name":"10.0","version_info":"build 22631 (Windows 11)"},"php":{"version":"8.2.12"},"mysql":{"client_version":"mysqlnd 8.2.12","server_version":"10.4.32-MariaDB","conn_type":"localhost via TCP\/IP"},"server":"Apache\/2.4.58 (Win64) OpenSSL\/3.1.3 PHP\/8.2.12","ohrm":{"version":"5.7"}} [] []
[2025-06-19T12:32:27.967982+02:00] installer.INFO: set_time_limit: success [] []
[2025-06-19T12:32:28.309537+02:00] installer.INFO: Matched route "{route}". {"route":"api_installer_migration","route_parameters":{"_controller":"OrangeHRM\\Installer\\Controller\\Installer\\Api\\MigrationAPI::handle","_route":"api_installer_migration"},"request_uri":"http://localhost/orangehrm/installer/index.php/installer/api/installation/migration","method":"POST"} []
[2025-06-19T12:32:28.323218+02:00] installer.INFO: {"version":"4.6"} [] []
[2025-06-19T12:32:28.445451+02:00] installer.INFO: Instance details: {"os":{"os":"Windows NT","release_name":"10.0","version_info":"build 22631 (Windows 11)"},"php":{"version":"8.2.12"},"mysql":{"client_version":"mysqlnd 8.2.12","server_version":"10.4.32-MariaDB","conn_type":"localhost via TCP\/IP"},"server":"Apache\/2.4.58 (Win64) OpenSSL\/3.1.3 PHP\/8.2.12","ohrm":{"version":"5.7"}} [] []
[2025-06-19T12:32:28.465079+02:00] installer.INFO: set_time_limit: success [] []
[2025-06-19T12:32:29.750224+02:00] installer.INFO: Matched route "{route}". {"route":"api_installer_migration","route_parameters":{"_controller":"OrangeHRM\\Installer\\Controller\\Installer\\Api\\MigrationAPI::handle","_route":"api_installer_migration"},"request_uri":"http://localhost/orangehrm/installer/index.php/installer/api/installation/migration","method":"POST"} []
[2025-06-19T12:32:29.758889+02:00] installer.INFO: {"version":"4.6.0.1"} [] []
[2025-06-19T12:32:29.861489+02:00] installer.INFO: Instance details: {"os":{"os":"Windows NT","release_name":"10.0","version_info":"build 22631 (Windows 11)"},"php":{"version":"8.2.12"},"mysql":{"client_version":"mysqlnd 8.2.12","server_version":"10.4.32-MariaDB","conn_type":"localhost via TCP\/IP"},"server":"Apache\/2.4.58 (Win64) OpenSSL\/3.1.3 PHP\/8.2.12","ohrm":{"version":"5.7"}} [] []
[2025-06-19T12:32:29.880030+02:00] installer.INFO: set_time_limit: success [] []
[2025-06-19T12:32:30.057571+02:00] installer.INFO: Matched route "{route}". {"route":"api_installer_migration","route_parameters":{"_controller":"OrangeHRM\\Installer\\Controller\\Installer\\Api\\MigrationAPI::handle","_route":"api_installer_migration"},"request_uri":"http://localhost/orangehrm/installer/index.php/installer/api/installation/migration","method":"POST"} []
[2025-06-19T12:32:30.066692+02:00] installer.INFO: {"version":"4.7"} [] []
[2025-06-19T12:32:30.172991+02:00] installer.INFO: Instance details: {"os":{"os":"Windows NT","release_name":"10.0","version_info":"build 22631 (Windows 11)"},"php":{"version":"8.2.12"},"mysql":{"client_version":"mysqlnd 8.2.12","server_version":"10.4.32-MariaDB","conn_type":"localhost via TCP\/IP"},"server":"Apache\/2.4.58 (Win64) OpenSSL\/3.1.3 PHP\/8.2.12","ohrm":{"version":"5.7"}} [] []
[2025-06-19T12:32:30.191275+02:00] installer.INFO: set_time_limit: success [] []
[2025-06-19T12:32:30.387296+02:00] installer.INFO: Matched route "{route}". {"route":"api_installer_migration","route_parameters":{"_controller":"OrangeHRM\\Installer\\Controller\\Installer\\Api\\MigrationAPI::handle","_route":"api_installer_migration"},"request_uri":"http://localhost/orangehrm/installer/index.php/installer/api/installation/migration","method":"POST"} []
[2025-06-19T12:32:30.401473+02:00] installer.INFO: {"version":"4.8"} [] []
[2025-06-19T12:32:30.530299+02:00] installer.INFO: Instance details: {"os":{"os":"Windows NT","release_name":"10.0","version_info":"build 22631 (Windows 11)"},"php":{"version":"8.2.12"},"mysql":{"client_version":"mysqlnd 8.2.12","server_version":"10.4.32-MariaDB","conn_type":"localhost via TCP\/IP"},"server":"Apache\/2.4.58 (Win64) OpenSSL\/3.1.3 PHP\/8.2.12","ohrm":{"version":"5.7"}} [] []
[2025-06-19T12:32:30.548566+02:00] installer.INFO: set_time_limit: success [] []
[2025-06-19T12:32:30.740682+02:00] installer.INFO: Matched route "{route}". {"route":"api_installer_migration","route_parameters":{"_controller":"OrangeHRM\\Installer\\Controller\\Installer\\Api\\MigrationAPI::handle","_route":"api_installer_migration"},"request_uri":"http://localhost/orangehrm/installer/index.php/installer/api/installation/migration","method":"POST"} []
[2025-06-19T12:32:30.750022+02:00] installer.INFO: {"version":"4.9"} [] []
[2025-06-19T12:32:30.830164+02:00] installer.INFO: Instance details: {"os":{"os":"Windows NT","release_name":"10.0","version_info":"build 22631 (Windows 11)"},"php":{"version":"8.2.12"},"mysql":{"client_version":"mysqlnd 8.2.12","server_version":"10.4.32-MariaDB","conn_type":"localhost via TCP\/IP"},"server":"Apache\/2.4.58 (Win64) OpenSSL\/3.1.3 PHP\/8.2.12","ohrm":{"version":"5.7"}} [] []
[2025-06-19T12:32:30.846679+02:00] installer.INFO: set_time_limit: success [] []
[2025-06-19T12:32:31.250323+02:00] installer.INFO: Matched route "{route}". {"route":"api_installer_migration","route_parameters":{"_controller":"OrangeHRM\\Installer\\Controller\\Installer\\Api\\MigrationAPI::handle","_route":"api_installer_migration"},"request_uri":"http://localhost/orangehrm/installer/index.php/installer/api/installation/migration","method":"POST"} []
[2025-06-19T12:32:31.259414+02:00] installer.INFO: {"version":"4.10"} [] []
[2025-06-19T12:32:31.355981+02:00] installer.INFO: Instance details: {"os":{"os":"Windows NT","release_name":"10.0","version_info":"build 22631 (Windows 11)"},"php":{"version":"8.2.12"},"mysql":{"client_version":"mysqlnd 8.2.12","server_version":"10.4.32-MariaDB","conn_type":"localhost via TCP\/IP"},"server":"Apache\/2.4.58 (Win64) OpenSSL\/3.1.3 PHP\/8.2.12","ohrm":{"version":"5.7"}} [] []
[2025-06-19T12:32:31.373316+02:00] installer.INFO: set_time_limit: success [] []
[2025-06-19T12:32:31.577479+02:00] installer.INFO: Matched route "{route}". {"route":"api_installer_migration","route_parameters":{"_controller":"OrangeHRM\\Installer\\Controller\\Installer\\Api\\MigrationAPI::handle","_route":"api_installer_migration"},"request_uri":"http://localhost/orangehrm/installer/index.php/installer/api/installation/migration","method":"POST"} []
[2025-06-19T12:32:31.585075+02:00] installer.INFO: {"version":"4.10.1"} [] []
[2025-06-19T12:32:31.682306+02:00] installer.INFO: Instance details: {"os":{"os":"Windows NT","release_name":"10.0","version_info":"build 22631 (Windows 11)"},"php":{"version":"8.2.12"},"mysql":{"client_version":"mysqlnd 8.2.12","server_version":"10.4.32-MariaDB","conn_type":"localhost via TCP\/IP"},"server":"Apache\/2.4.58 (Win64) OpenSSL\/3.1.3 PHP\/8.2.12","ohrm":{"version":"5.7"}} [] []
[2025-06-19T12:32:31.696647+02:00] installer.INFO: set_time_limit: success [] []
[2025-06-19T12:32:31.881148+02:00] installer.INFO: Matched route "{route}". {"route":"api_installer_migration","route_parameters":{"_controller":"OrangeHRM\\Installer\\Controller\\Installer\\Api\\MigrationAPI::handle","_route":"api_installer_migration"},"request_uri":"http://localhost/orangehrm/installer/index.php/installer/api/installation/migration","method":"POST"} []
[2025-06-19T12:32:31.891981+02:00] installer.INFO: {"version":"5.0"} [] []
[2025-06-19T12:32:32.002784+02:00] installer.INFO: Instance details: {"os":{"os":"Windows NT","release_name":"10.0","version_info":"build 22631 (Windows 11)"},"php":{"version":"8.2.12"},"mysql":{"client_version":"mysqlnd 8.2.12","server_version":"10.4.32-MariaDB","conn_type":"localhost via TCP\/IP"},"server":"Apache\/2.4.58 (Win64) OpenSSL\/3.1.3 PHP\/8.2.12","ohrm":{"version":"5.7"}} [] []
[2025-06-19T12:32:32.019185+02:00] installer.INFO: set_time_limit: success [] []
[2025-06-19T12:32:33.407224+02:00] installer.INFO: set_time_limit: success [] []
[2025-06-19T12:32:54.938091+02:00] installer.INFO: Matched route "{route}". {"route":"api_installer_migration","route_parameters":{"_controller":"OrangeHRM\\Installer\\Controller\\Installer\\Api\\MigrationAPI::handle","_route":"api_installer_migration"},"request_uri":"http://localhost/orangehrm/installer/index.php/installer/api/installation/migration","method":"POST"} []
[2025-06-19T12:32:54.950091+02:00] installer.INFO: {"version":"5.1"} [] []
[2025-06-19T12:32:55.063031+02:00] installer.INFO: Instance details: {"os":{"os":"Windows NT","release_name":"10.0","version_info":"build 22631 (Windows 11)"},"php":{"version":"8.2.12"},"mysql":{"client_version":"mysqlnd 8.2.12","server_version":"10.4.32-MariaDB","conn_type":"localhost via TCP\/IP"},"server":"Apache\/2.4.58 (Win64) OpenSSL\/3.1.3 PHP\/8.2.12","ohrm":{"version":"5.7"}} [] []
[2025-06-19T12:32:55.079918+02:00] installer.INFO: set_time_limit: success [] []
[2025-06-19T12:32:59.975855+02:00] installer.INFO: Matched route "{route}". {"route":"api_installer_migration","route_parameters":{"_controller":"OrangeHRM\\Installer\\Controller\\Installer\\Api\\MigrationAPI::handle","_route":"api_installer_migration"},"request_uri":"http://localhost/orangehrm/installer/index.php/installer/api/installation/migration","method":"POST"} []
[2025-06-19T12:32:59.985790+02:00] installer.INFO: {"version":"5.2"} [] []
[2025-06-19T12:33:00.090594+02:00] installer.INFO: Instance details: {"os":{"os":"Windows NT","release_name":"10.0","version_info":"build 22631 (Windows 11)"},"php":{"version":"8.2.12"},"mysql":{"client_version":"mysqlnd 8.2.12","server_version":"10.4.32-MariaDB","conn_type":"localhost via TCP\/IP"},"server":"Apache\/2.4.58 (Win64) OpenSSL\/3.1.3 PHP\/8.2.12","ohrm":{"version":"5.7"}} [] []
[2025-06-19T12:33:00.105348+02:00] installer.INFO: set_time_limit: success [] []
[2025-06-19T12:33:03.000346+02:00] installer.INFO: Deleting invalid config values [] []
[2025-06-19T12:33:03.100684+02:00] installer.INFO: Deleting: `https://opensourcehelp.orangehrm.com` => `` from `hs_hr_config` [] []
[2025-06-19T12:33:03.163188+02:00] installer.INFO: Deleting: `ZendeskHelpProcessor` => `` from `hs_hr_config` [] []
[2025-06-19T12:33:03.163696+02:00] installer.INFO: Deleting legacy config values [] []
[2025-06-19T12:33:03.225931+02:00] installer.INFO: Deleting: `ldap_domain_name` => `` from `hs_hr_config` [] []
[2025-06-19T12:33:03.288367+02:00] installer.INFO: Deleting: `ldap_port` => `` from `hs_hr_config` [] []
[2025-06-19T12:33:03.370061+02:00] installer.INFO: Deleting: `ldap_server` => `` from `hs_hr_config` [] []
[2025-06-19T12:33:03.424925+02:00] installer.INFO: Deleting: `ldap_status` => `` from `hs_hr_config` [] []
[2025-06-19T12:33:03.492245+02:00] installer.INFO: Deleting: `beacon.activation_acceptance_status` => `off` from `hs_hr_config` [] []
[2025-06-19T12:33:03.548964+02:00] installer.INFO: Deleting: `beacon.activiation_status` => `off` from `hs_hr_config` [] []
[2025-06-19T12:33:03.607681+02:00] installer.INFO: Deleting: `beacon.company_name` => `` from `hs_hr_config` [] []
[2025-06-19T12:33:03.673533+02:00] installer.INFO: Deleting: `beacon.flash_period` => `120` from `hs_hr_config` [] []
[2025-06-19T12:33:03.750248+02:00] installer.INFO: Deleting: `beacon.lock` => `unlocked` from `hs_hr_config` [] []
[2025-06-19T12:33:03.817015+02:00] installer.INFO: Deleting: `beacon.next_flash_time` => `0000-00-00` from `hs_hr_config` [] []
[2025-06-19T12:33:03.884027+02:00] installer.INFO: Deleting: `beacon.uuid` => `0` from `hs_hr_config` [] []
[2025-06-19T12:33:03.943271+02:00] installer.INFO: Deleting: `showSIN` => `0` from `hs_hr_config` [] []
[2025-06-19T12:33:04.033878+02:00] installer.INFO: Deleting: `showSSN` => `0` from `hs_hr_config` [] []
[2025-06-19T12:33:04.125795+02:00] installer.INFO: Deleting: `showTaxExemptions` => `0` from `hs_hr_config` [] []
[2025-06-19T12:33:04.191618+02:00] installer.INFO: Deleting: `report.mysql_group_concat_max_len` => `2048` from `hs_hr_config` [] []
[2025-06-19T12:33:04.266024+02:00] installer.INFO: Deleting: `attendanceEmpEditSubmitted` => `No` from `hs_hr_config` [] []
[2025-06-19T12:33:04.345379+02:00] installer.INFO: Deleting: `attendanceSupEditSubmitted` => `No` from `hs_hr_config` [] []
[2025-06-19T12:33:04.406342+02:00] installer.INFO: Deleting: `hsp_accrued_last_updated` => `0000-00-00` from `hs_hr_config` [] []
[2025-06-19T12:33:04.457210+02:00] installer.INFO: Deleting: `hsp_current_plan` => `0` from `hs_hr_config` [] []
[2025-06-19T12:33:04.497230+02:00] installer.INFO: Deleting: `hsp_used_last_updated` => `0000-00-00` from `hs_hr_config` [] []
[2025-06-19T12:33:04.617342+02:00] installer.INFO: Matched route "{route}". {"route":"api_installer_migration","route_parameters":{"_controller":"OrangeHRM\\Installer\\Controller\\Installer\\Api\\MigrationAPI::handle","_route":"api_installer_migration"},"request_uri":"http://localhost/orangehrm/installer/index.php/installer/api/installation/migration","method":"POST"} []
[2025-06-19T12:33:04.626144+02:00] installer.INFO: {"version":"5.3"} [] []
[2025-06-19T12:33:04.729188+02:00] installer.INFO: Instance details: {"os":{"os":"Windows NT","release_name":"10.0","version_info":"build 22631 (Windows 11)"},"php":{"version":"8.2.12"},"mysql":{"client_version":"mysqlnd 8.2.12","server_version":"10.4.32-MariaDB","conn_type":"localhost via TCP\/IP"},"server":"Apache\/2.4.58 (Win64) OpenSSL\/3.1.3 PHP\/8.2.12","ohrm":{"version":"5.7"}} [] []
[2025-06-19T12:33:04.753053+02:00] installer.INFO: set_time_limit: success [] []
[2025-06-19T12:33:07.353446+02:00] installer.INFO: Server timezone: Europe/Berlin [] []
[2025-06-19T12:33:07.355985+02:00] installer.INFO: `ohrm_buzz_comment` record count: 0 [] []
[2025-06-19T12:33:07.359549+02:00] installer.INFO: `ohrm_buzz_like_on_comment` record count: 0 [] []
[2025-06-19T12:33:07.365017+02:00] installer.INFO: `ohrm_buzz_like_on_share` record count: 0 [] []
[2025-06-19T12:33:07.368647+02:00] installer.INFO: `ohrm_buzz_post` record count: 0 [] []
[2025-06-19T12:33:07.371515+02:00] installer.INFO: `ohrm_buzz_share` record count: 0 [] []
[2025-06-19T12:33:07.773330+02:00] installer.INFO: `ohrm_buzz_link` record count: 0 [] []
[2025-06-19T12:33:07.774067+02:00] installer.INFO: Deleting legacy Buzz config values [] []
[2025-06-19T12:33:07.821762+02:00] installer.INFO: Deleting: `buzz_comment_text_lenth` => `250` from `hs_hr_config` [] []
[2025-06-19T12:33:07.874555+02:00] installer.INFO: Deleting: `buzz_cookie_valid_time` => `5000` from `hs_hr_config` [] []
[2025-06-19T12:33:07.926318+02:00] installer.INFO: Deleting: `buzz_image_max_dimension` => `1024` from `hs_hr_config` [] []
[2025-06-19T12:33:07.980565+02:00] installer.INFO: Deleting: `buzz_initial_comments` => `2` from `hs_hr_config` [] []
[2025-06-19T12:33:08.068557+02:00] installer.INFO: Deleting: `buzz_like_count` => `5` from `hs_hr_config` [] []
[2025-06-19T12:33:08.119732+02:00] installer.INFO: Deleting: `buzz_max_notification_period` => `-1 week` from `hs_hr_config` [] []
[2025-06-19T12:33:08.172452+02:00] installer.INFO: Deleting: `buzz_most_like_posts` => `5` from `hs_hr_config` [] []
[2025-06-19T12:33:08.226068+02:00] installer.INFO: Deleting: `buzz_most_like_shares` => `5` from `hs_hr_config` [] []
[2025-06-19T12:33:08.281451+02:00] installer.INFO: Deleting: `buzz_post_text_lenth` => `500` from `hs_hr_config` [] []
[2025-06-19T12:33:08.345554+02:00] installer.INFO: Deleting: `buzz_post_text_lines` => `5` from `hs_hr_config` [] []
[2025-06-19T12:33:08.393470+02:00] installer.INFO: Deleting: `buzz_refresh_time` => `60000` from `hs_hr_config` [] []
[2025-06-19T12:33:08.446049+02:00] installer.INFO: Deleting: `buzz_share_count` => `10` from `hs_hr_config` [] []
[2025-06-19T12:33:08.503229+02:00] installer.INFO: Deleting: `buzz_time_format` => `h:i a` from `hs_hr_config` [] []
[2025-06-19T12:33:08.562204+02:00] installer.INFO: Deleting: `buzz_viewmore_comment` => `5` from `hs_hr_config` [] []
[2025-06-19T12:33:08.737093+02:00] installer.INFO: Matched route "{route}". {"route":"api_installer_migration","route_parameters":{"_controller":"OrangeHRM\\Installer\\Controller\\Installer\\Api\\MigrationAPI::handle","_route":"api_installer_migration"},"request_uri":"http://localhost/orangehrm/installer/index.php/installer/api/installation/migration","method":"POST"} []
[2025-06-19T12:33:08.747653+02:00] installer.INFO: {"version":"5.4"} [] []
[2025-06-19T12:33:08.813903+02:00] installer.INFO: Instance details: {"os":{"os":"Windows NT","release_name":"10.0","version_info":"build 22631 (Windows 11)"},"php":{"version":"8.2.12"},"mysql":{"client_version":"mysqlnd 8.2.12","server_version":"10.4.32-MariaDB","conn_type":"localhost via TCP\/IP"},"server":"Apache\/2.4.58 (Win64) OpenSSL\/3.1.3 PHP\/8.2.12","ohrm":{"version":"5.7"}} [] []
[2025-06-19T12:33:08.827742+02:00] installer.INFO: set_time_limit: success [] []
[2025-06-19T12:33:09.732982+02:00] installer.INFO: Deleting: `authentication.default_required_password_strength` => `strong` from `hs_hr_config` [] []
[2025-06-19T12:33:09.876655+02:00] installer.INFO: Deleting: `authentication.enforce_password_strength` => `on` from `hs_hr_config` [] []
[2025-06-19T12:33:10.835608+02:00] installer.INFO: Matched route "{route}". {"route":"api_installer_migration","route_parameters":{"_controller":"OrangeHRM\\Installer\\Controller\\Installer\\Api\\MigrationAPI::handle","_route":"api_installer_migration"},"request_uri":"http://localhost/orangehrm/installer/index.php/installer/api/installation/migration","method":"POST"} []
[2025-06-19T12:33:10.845610+02:00] installer.INFO: {"version":"5.5"} [] []
[2025-06-19T12:33:10.952333+02:00] installer.INFO: Instance details: {"os":{"os":"Windows NT","release_name":"10.0","version_info":"build 22631 (Windows 11)"},"php":{"version":"8.2.12"},"mysql":{"client_version":"mysqlnd 8.2.12","server_version":"10.4.32-MariaDB","conn_type":"localhost via TCP\/IP"},"server":"Apache\/2.4.58 (Win64) OpenSSL\/3.1.3 PHP\/8.2.12","ohrm":{"version":"5.7"}} [] []
[2025-06-19T12:33:10.972446+02:00] installer.INFO: set_time_limit: success [] []
[2025-06-19T12:33:13.511468+02:00] installer.INFO: Matched route "{route}". {"route":"api_installer_migration","route_parameters":{"_controller":"OrangeHRM\\Installer\\Controller\\Installer\\Api\\MigrationAPI::handle","_route":"api_installer_migration"},"request_uri":"http://localhost/orangehrm/installer/index.php/installer/api/installation/migration","method":"POST"} []
[2025-06-19T12:33:13.521497+02:00] installer.INFO: {"version":"5.6"} [] []
[2025-06-19T12:33:13.635523+02:00] installer.INFO: Instance details: {"os":{"os":"Windows NT","release_name":"10.0","version_info":"build 22631 (Windows 11)"},"php":{"version":"8.2.12"},"mysql":{"client_version":"mysqlnd 8.2.12","server_version":"10.4.32-MariaDB","conn_type":"localhost via TCP\/IP"},"server":"Apache\/2.4.58 (Win64) OpenSSL\/3.1.3 PHP\/8.2.12","ohrm":{"version":"5.7"}} [] []
[2025-06-19T12:33:13.653807+02:00] installer.INFO: set_time_limit: success [] []
[2025-06-19T12:33:14.409177+02:00] installer.INFO: Matched route "{route}". {"route":"api_installer_migration","route_parameters":{"_controller":"OrangeHRM\\Installer\\Controller\\Installer\\Api\\MigrationAPI::handle","_route":"api_installer_migration"},"request_uri":"http://localhost/orangehrm/installer/index.php/installer/api/installation/migration","method":"POST"} []
[2025-06-19T12:33:14.417988+02:00] installer.INFO: {"version":"5.6.1"} [] []
[2025-06-19T12:33:14.545789+02:00] installer.INFO: Instance details: {"os":{"os":"Windows NT","release_name":"10.0","version_info":"build 22631 (Windows 11)"},"php":{"version":"8.2.12"},"mysql":{"client_version":"mysqlnd 8.2.12","server_version":"10.4.32-MariaDB","conn_type":"localhost via TCP\/IP"},"server":"Apache\/2.4.58 (Win64) OpenSSL\/3.1.3 PHP\/8.2.12","ohrm":{"version":"5.7"}} [] []
[2025-06-19T12:33:14.566236+02:00] installer.INFO: set_time_limit: success [] []
[2025-06-19T12:33:14.799766+02:00] installer.INFO: Matched route "{route}". {"route":"api_installer_migration","route_parameters":{"_controller":"OrangeHRM\\Installer\\Controller\\Installer\\Api\\MigrationAPI::handle","_route":"api_installer_migration"},"request_uri":"http://localhost/orangehrm/installer/index.php/installer/api/installation/migration","method":"POST"} []
[2025-06-19T12:33:14.815602+02:00] installer.INFO: {"version":"5.7"} [] []
[2025-06-19T12:33:14.940696+02:00] installer.INFO: Instance details: {"os":{"os":"Windows NT","release_name":"10.0","version_info":"build 22631 (Windows 11)"},"php":{"version":"8.2.12"},"mysql":{"client_version":"mysqlnd 8.2.12","server_version":"10.4.32-MariaDB","conn_type":"localhost via TCP\/IP"},"server":"Apache\/2.4.58 (Win64) OpenSSL\/3.1.3 PHP\/8.2.12","ohrm":{"version":"5.7"}} [] []
[2025-06-19T12:33:14.959829+02:00] installer.INFO: set_time_limit: success [] []
[2025-06-19T12:33:15.907897+02:00] installer.INFO: Matched route "{route}". {"route":"api_installer_instance_creation","route_parameters":{"_controller":"OrangeHRM\\Installer\\Controller\\Installer\\Api\\InstallationInstanceAPI::handle","_route":"api_installer_instance_creation"},"request_uri":"http://localhost/orangehrm/installer/index.php/installer/api/installation/instance","method":"POST"} []
[2025-06-19T12:33:16.031594+02:00] installer.INFO: Instance details: {"os":{"os":"Windows NT","release_name":"10.0","version_info":"build 22631 (Windows 11)"},"php":{"version":"8.2.12"},"mysql":{"client_version":"mysqlnd 8.2.12","server_version":"10.4.32-MariaDB","conn_type":"localhost via TCP\/IP"},"server":"Apache\/2.4.58 (Win64) OpenSSL\/3.1.3 PHP\/8.2.12","ohrm":{"version":"5.7"}} [] []
[2025-06-19T12:33:16.853491+02:00] installer.INFO: Matched route "{route}". {"route":"api_installer_database_user","route_parameters":{"_controller":"OrangeHRM\\Installer\\Controller\\Installer\\Api\\InstallationDatabaseUserAPI::handle","_route":"api_installer_database_user"},"request_uri":"http://localhost/orangehrm/installer/index.php/installer/api/installation/database-user","method":"POST"} []
[2025-06-19T12:33:17.073704+02:00] installer.INFO: Matched route "{route}". {"route":"api_installer_write_config","route_parameters":{"_controller":"OrangeHRM\\Installer\\Controller\\Installer\\Api\\ConfigFileAPI::handle","_route":"api_installer_write_config"},"request_uri":"http://localhost/orangehrm/installer/index.php/installer/api/installation/config-file","method":"POST"} []
[2025-06-19T12:33:17.394510+02:00] installer.ERROR: OrangeHRM\Installer\Util\SystemConfig\SystemConfiguration::saveRegistrationEvent(): Argument #2 ($published) must be of type bool, null given, called in C:\xampp\htdocs\orangehrm\installer\Controller\Upgrader\Api\ConfigFileAPI.php on line 87 [] []
[2025-06-19T12:33:17.394693+02:00] installer.ERROR: #0 C:\xampp\htdocs\orangehrm\installer\Controller\Upgrader\Api\ConfigFileAPI.php(87): OrangeHRM\Installer\Util\SystemConfig\SystemConfiguration->saveRegistrationEvent(0, NULL, 'null', NULL) #1 C:\xampp\htdocs\orangehrm\installer\Controller\Upgrader\Api\ConfigFileAPI.php(64): OrangeHRM\Installer\Controller\Upgrader\Api\ConfigFileAPI->sendRegistrationData() #2 C:\xampp\htdocs\orangehrm\installer\Controller\Installer\Api\ConfigFileAPI.php(66): OrangeHRM\Installer\Controller\Upgrader\Api\ConfigFileAPI->handlePost(Object(OrangeHRM\Framework\Http\Request)) #3 C:\xampp\htdocs\orangehrm\installer\Controller\AbstractInstallerRestController.php(57): OrangeHRM\Installer\Controller\Installer\Api\ConfigFileAPI->handlePost(Object(OrangeHRM\Framework\Http\Request)) #4 C:\xampp\htdocs\orangehrm\installer\Controller\AbstractInstallerController.php(84): OrangeHRM\Installer\Controller\AbstractInstallerRestController->execute(Object(OrangeHRM\Framework\Http\Request)) #5 C:\xampp\htdocs\orangehrm\src\vendor\symfony\http-kernel\HttpKernel.php(163): OrangeHRM\Installer\Controller\AbstractInstallerController->handle(Object(OrangeHRM\Framework\Http\Request)) #6 C:\xampp\htdocs\orangehrm\src\vendor\symfony\http-kernel\HttpKernel.php(75): Symfony\Component\HttpKernel\HttpKernel->handleRaw(Object(OrangeHRM\Framework\Http\Request), 1) #7 C:\xampp\htdocs\orangehrm\installer\Framework\HttpKernel.php(243): Symfony\Component\HttpKernel\HttpKernel->handle(Object(OrangeHRM\Framework\Http\Request), 1, true) #8 C:\xampp\htdocs\orangehrm\installer\index.php(65): OrangeHRM\Installer\Framework\HttpKernel->handleRequest(Object(OrangeHRM\Framework\Http\Request)) #9 {main} [] []
[2025-06-19T12:33:24.761201+02:00] installer.INFO: Matched route "{route}". {"route":"installer_complete","route_parameters":{"_controller":"OrangeHRM\\Installer\\Controller\\Installer\\InstallerCompleteController::handle","_route":"installer_complete"},"request_uri":"http://localhost/orangehrm/installer/index.php/installer/complete","method":"GET"} []
[2025-06-19T12:33:24.860651+02:00] installer.INFO: OrangeHRM 5.7 status: true [] []
[2025-06-19T12:33:32.916955+02:00] installer.INFO: Matched route "{route}". {"route":"installer_home","route_parameters":{"_controller":"OrangeHRM\\Installer\\Controller\\HomeController::handle","_route":"installer_home"},"request_uri":"http://localhost/orangehrm/installer/index.php/","method":"GET"} []
